<?xml version="1.0" encoding="UTF-8"?>
<!-- Generated by org.testng.reporters.JUnitReportReporter -->
<testsuite hostname="LAPTOP-56NTT3S9" failures="0" tests="1" name="uipage.InstagramSignUp" time="40.662" errors="0" timestamp="2023-06-28T03:25:05 IST" skipped="0">
  <testcase classname="uipage.InstagramSignUp" name="SignUp" time="40.662"/>
  <system-out/>
</testsuite> <!-- uipage.InstagramSignUp -->
